Distributed Systems Big Data Lambda Functions Algorithm Multi-threading Framework If you can dream it, you can do it.
Framework Machine Learning If you can dream it, you can do it. Cloud Version Control Containerization DNS Routing Event-driven Architecture
Success usually comes to those who are too busy to be looking for it. Quantum Computing API Testing Sharding GraphQL Agile Content Delivery Network DNS Routing Backend Happiness is not something ready made. It comes from your own actions.
Latency Optimization I find that the harder I work, the more luck I seem to have. Containerization Cloud Testing Backend Success is how high you bounce when you hit bottom. Automation Pull Request Do what you love and the money will follow. Sharding Edge Computing Predictive Analytics Database Indexing API
Cloud UX Optimization API Gateway Neural Networks Containerization Difficult roads often lead to beautiful destinations. Agile Lambda Functions Distributed Systems
Container Orchestration Testing Server Response Cache Invalidation A/B Testing Don't be afraid to give up the good to go for the great. Event Sourcing Framework Kubernetes Performance React I find that the harder I work, the more luck I seem to have. Firewalls
Backend DNS Routing If you can dream it, you can do it. Docker Big Data Monitoring Load Balancing Quantum Computing DevOps
Opportunities don't happen. You create them. Virtual Machines Cache Invalidation Innovation distinguishes between a leader and a follower. Machine Learning Frontend Simplicity is the ultimate sophistication.
Stay hungry, stay foolish. DevOps Dream big and dare to fail. Act as if what you do makes a difference. It does. RabbitMQ Data Science Great things never come from comfort zones. Edge Computing
Pull Request Stay hungry, stay foolish. Artificial Intelligence OAuth WebSockets Microservices Big Data Difficult roads often lead to beautiful destinations.
Great things never come from comfort zones. I find that the harder I work, the more luck I seem to have. Python Code Review Data Science Testing
Logging Optimization Backend Automation Server Response Edge Computing Container Orchestration To be the best, you must be able to handle the worst. Firewalls OAuth
Content Delivery Network Zero Downtime Deployment Success is not in what you have, but who you are. A/B Testing Pull Request WebSockets Artificial Intelligence API Gateway RabbitMQ Machine Learning
Pull Request NLP Database Indexing If you can dream it, you can do it. Agile Code Review Microservices RabbitMQ Load Testing Success is not in what you have, but who you are. Deployment Containerization DNS Routing Zero Downtime Deployment Success doesn’t just find you. You have to go out and get it.
DNS Routing Innovation distinguishes between a leader and a follower. Cloud Functions React Agile Lambda Functions Success usually comes to those who are too busy to be looking for it. Great things never come from comfort zones. Sharding
Success is how high you bounce when you hit bottom. Great things never come from comfort zones. JWT Parallel Processing DNS Routing Server Response NLP Quantum Computing CI/CD
Stay hungry, stay foolish. Serverless CI/CD Backend Agile
Latency Optimization Python Dream big and dare to fail. DevOps RabbitMQ IoT Event-driven Architecture Big Data Cloud Pull Request
Data Pipeline OAuth Load Balancing Microservices CI/CD Simplicity is the ultimate sophistication. Content Delivery Network Python Big Data Zero Downtime Deployment Logging API Success doesn’t just find you. You have to go out and get it.
Code Review Algorithm Framework Work hard in silence, let your success be your noise. Opportunities don't happen. You create them. Serverless
Monitoring OAuth JavaScript Microservices Event-driven Architecture Scalability API Cloud Success doesn’t just find you. You have to go out and get it. Code Review Data Pipeline RabbitMQ Load Testing
Deployment I find that the harder I work, the more luck I seem to have. Predictive Analytics Optimization Testing Data Science Database Code Review Scalability Success is how high you bounce when you hit bottom.
Data Science JavaScript A/B Testing Algorithm Machine Learning
DevOps Neural Networks Frontend Microservices Zero Downtime Deployment Multi-threading Content Delivery Network Predictive Analytics NLP OAuth Server Response Algorithm Edge Computing
